<?xml version="1.0" encoding="UTF-8"?>
<testng-results ignored="0" total="1" passed="1" failed="0" skipped="0">
  <reporter-output>
  </reporter-output>
  <suite started-at="2022-06-21T14:33:27 EAT" name="Default suite" finished-at="2022-06-21T14:33:34 EAT" duration-ms="6581">
    <groups>
    </groups>
    <test started-at="2022-06-21T14:33:27 EAT" name="Default test" finished-at="2022-06-21T14:33:34 EAT" duration-ms="6581">
      <class name="seleniummaven.TestngDemo">
        <test-method is-config="true" signature="setUpTest()[pri:0, instance:seleniummaven.TestngDemo@4a883b15]" started-at="2022-06-21T14:33:21 EAT" name="setUpTest" finished-at="2022-06-21T14:33:27 EAT" duration-ms="5496" status="PASS">
          <reporter-output>
          </reporter-output>
        </test-method> <!-- setUpTest -->
        <test-method is-config="true" signature="setUpTest()[pri:0, instance:seleniummaven.TestngDemo@4a883b15]" started-at="2022-06-21T14:33:27 EAT" name="setUpTest" finished-at="2022-06-21T14:33:29 EAT" duration-ms="2295" status="PASS">
          <reporter-output>
          </reporter-output>
        </test-method> <!-- setUpTest -->
        <test-method signature="EnterEmail()[pri:0, instance:seleniummaven.TestngDemo@4a883b15]" started-at="2022-06-21T14:33:29 EAT" name="EnterEmail" finished-at="2022-06-21T14:33:33 EAT" duration-ms="3794" status="PASS">
          <reporter-output>
          </reporter-output>
        </test-method> <!-- EnterEmail -->
        <test-method is-config="true" signature="tearDownTest()[pri:0, instance:seleniummaven.TestngDemo@4a883b15]" started-at="2022-06-21T14:33:33 EAT" name="tearDownTest" finished-at="2022-06-21T14:33:34 EAT" duration-ms="401" status="PASS">
          <reporter-output>
          </reporter-output>
        </test-method> <!-- tearDownTest -->
      </class> <!-- seleniummaven.TestngDemo -->
    </test> <!-- Default test -->
  </suite> <!-- Default suite -->
</testng-results>
