<?xml version="1.0" encoding="UTF-8"?>
<testng-results ignored="0" total="2" passed="2" failed="0" skipped="0">
  <reporter-output>
  </reporter-output>
  <suite started-at="2022-03-26T13:12:21 EAT" name="Suite" finished-at="2022-03-26T13:12:56 EAT" duration-ms="34815">
    <groups>
    </groups>
    <test started-at="2022-03-26T13:12:21 EAT" name="Test" finished-at="2022-03-26T13:12:56 EAT" duration-ms="34815">
      <class name="seleniummaven.TestngDemo2">
        <test-method is-config="true" signature="setUpTest()[pri:0, instance:seleniummaven.TestngDemo2@4a883b15]" started-at="2022-03-26T13:12:26 EAT" name="setUpTest" finished-at="2022-03-26T13:12:29 EAT" duration-ms="3443" status="PASS">
          <reporter-output>
          </reporter-output>
        </test-method> <!-- setUpTest -->
        <test-method signature="EnterEmail()[pri:0, instance:seleniummaven.TestngDemo2@4a883b15]" started-at="2022-03-26T13:12:29 EAT" name="EnterEmail" finished-at="2022-03-26T13:12:48 EAT" duration-ms="18771" status="PASS">
          <reporter-output>
          </reporter-output>
        </test-method> <!-- EnterEmail -->
        <test-method is-config="true" signature="tearDownTest()[pri:0, instance:seleniummaven.TestngDemo2@4a883b15]" started-at="2022-03-26T13:12:54 EAT" name="tearDownTest" finished-at="2022-03-26T13:12:56 EAT" duration-ms="2010" status="PASS">
          <reporter-output>
          </reporter-output>
        </test-method> <!-- tearDownTest -->
      </class> <!-- seleniummaven.TestngDemo2 -->
      <class name="seleniummaven.TestngDemo">
        <test-method is-config="true" signature="setUpTest()[pri:0, instance:seleniummaven.TestngDemo@70e9c95d]" started-at="2022-03-26T13:12:21 EAT" name="setUpTest" finished-at="2022-03-26T13:12:26 EAT" duration-ms="5114" status="PASS">
          <reporter-output>
          </reporter-output>
        </test-method> <!-- setUpTest -->
        <test-method signature="EnterEmail()[pri:0, instance:seleniummaven.TestngDemo@70e9c95d]" started-at="2022-03-26T13:12:29 EAT" name="EnterEmail" finished-at="2022-03-26T13:12:52 EAT" duration-ms="22061" status="PASS">
          <reporter-output>
          </reporter-output>
        </test-method> <!-- EnterEmail -->
        <test-method is-config="true" signature="tearDownTest()[pri:0, instance:seleniummaven.TestngDemo@70e9c95d]" started-at="2022-03-26T13:12:52 EAT" name="tearDownTest" finished-at="2022-03-26T13:12:54 EAT" duration-ms="2132" status="PASS">
          <reporter-output>
          </reporter-output>
        </test-method> <!-- tearDownTest -->
      </class> <!-- seleniummaven.TestngDemo -->
    </test> <!-- Test -->
  </suite> <!-- Suite -->
</testng-results>
